# JRE version: OpenJDK Runtime Environment (8.0_242-b01) (build 1.8.0_242-release-1644-b01)
# Java VM: OpenJDK 64-Bit Server VM (25.242-b01 mixed mode windows-amd64 compressed oops)
Heap:
 PSYoungGen      total 680448K, used 535741K [0x000000076ab00000, 0x0000000798600000, 0x00000007c0000000)
  eden space 612352K, 85% used [0x000000076ab00000,0x000000078a908c68,0x0000000790100000)
  from space 68096K, 19% used [0x0000000790100000,0x0000000790e26950,0x0000000794380000)
  to   space 66560K, 0% used [0x0000000794500000,0x0000000794500000,0x0000000798600000)
 ParOldGen       total 418816K, used 237448K [0x00000006c0000000, 0x00000006d9900000, 0x000000076ab00000)
  object space 418816K, 56% used [0x00000006c0000000,0x00000006ce7e2318,0x00000006d9900000)
 Metaspace       used 99102K, capacity 104729K, committed 105048K, reserved 1140736K
  class space    used 13293K, capacity 14341K, committed 14464K, reserved 1048576K
GC Heap History (10 events):
Event: 33.021 GC heap before
{Heap before GC invocations=23 (full 4):
 PSYoungGen      total 678912K, used 621506K [0x000000076ab00000, 0x0000000798600000, 0x00000007c0000000)
  eden space 612352K, 100% used [0x000000076ab00000,0x0000000790100000,0x0000000790100000)
  from space 66560K, 13% used [0x0000000794500000,0x0000000794df0b80,0x0000000798600000)
  to   space 68096K, 0% used [0x0000000790100000,0x0000000790100000,0x0000000794380000)
 ParOldGen       total 418816K, used 193086K [0x00000006c0000000, 0x00000006d9900000, 0x000000076ab00000)
  object space 418816K, 46% used [0x00000006c0000000,0x00000006cbc8fb18,0x00000006d9900000)
 Metaspace       used 98788K, capacity 104297K, committed 104408K, reserved 1138688K
  class space    used 13254K, capacity 14305K, committed 14336K, reserved 1048576K
Event: 33.036 GC heap after
Heap after GC invocations=23 (full 4):
 PSYoungGen      total 680448K, used 13103K [0x000000076ab00000, 0x0000000798600000, 0x00000007c0000000)
  eden space 612352K, 0% used [0x000000076ab00000,0x000000076ab00000,0x0000000790100000)
  from space 68096K, 19% used [0x0000000790100000,0x0000000790dcbd40,0x0000000794380000)
  to   space 66560K, 0% used [0x0000000794500000,0x0000000794500000,0x0000000798600000)
 ParOldGen       total 418816K, used 198126K [0x00000006c0000000, 0x00000006d9900000, 0x000000076ab00000)
  object space 418816K, 47% used [0x00000006c0000000,0x00000006cc17b970,0x00000006d9900000)
 Metaspace       used 98788K, capacity 104297K, committed 104408K, reserved 1138688K
  class space    used 13254K, capacity 14305K, committed 14336K, reserved 1048576K
}
Event: 33.476 GC heap before
{Heap before GC invocations=24 (full 4):
 PSYoungGen      total 680448K, used 625455K [0x000000076ab00000, 0x0000000798600000, 0x00000007c0000000)
  eden space 612352K, 100% used [0x000000076ab00000,0x0000000790100000,0x0000000790100000)
  from space 68096K, 19% used [0x0000000790100000,0x0000000790dcbd40,0x0000000794380000)
  to   space 66560K, 0% used [0x0000000794500000,0x0000000794500000,0x0000000798600000)
 ParOldGen       total 418816K, used 198126K [0x00000006c0000000, 0x00000006d9900000, 0x000000076ab00000)
  object space 418816K, 47% used [0x00000006c0000000,0x00000006cc17b970,0x00000006d9900000)
 Metaspace       used 98861K, capacity 104377K, committed 104408K, reserved 1138688K
  class space    used 13267K, capacity 14309K, committed 14336K, reserved 1048576K
Event: 33.495 GC heap after
Heap after GC invocations=24 (full 4):
 PSYoungGen      total 678912K, used 9208K [0x000000076ab00000, 0x0000000798600000, 0x00000007c0000000)
  eden space 612352K, 0% used [0x000000076ab00000,0x000000076ab00000,0x0000000790100000)
  from space 66560K, 13% used [0x0000000794500000,0x0000000794dfe3b8,0x0000000798600000)
  to   space 68096K, 0% used [0x0000000790100000,0x0000000790100000,0x0000000794380000)
 ParOldGen       total 418816K, used 208412K [0x00000006c0000000, 0x00000006d9900000, 0x000000076ab00000)
  object space 418816K, 49% used [0x00000006c0000000,0x00000006ccb87238,0x00000006d9900000)
 Metaspace       used 98861K, capacity 104377K, committed 104408K, reserved 1138688K
  class space    used 13267K, capacity 14309K, committed 14336K, reserved 1048576K
}
Event: 33.937 GC heap before
{Heap before GC invocations=25 (full 4):
 PSYoungGen      total 678912K, used 621560K [0x000000076ab00000, 0x0000000798600000, 0x00000007c0000000)
  eden space 612352K, 100% used [0x000000076ab00000,0x0000000790100000,0x0000000790100000)
  from space 66560K, 13% used [0x0000000794500000,0x0000000794dfe3b8,0x0000000798600000)
  to   space 68096K, 0% used [0x0000000790100000,0x0000000790100000,0x0000000794380000)
 ParOldGen       total 418816K, used 208412K [0x00000006c0000000, 0x00000006d9900000, 0x000000076ab00000)
  object space 418816K, 49% used [0x00000006c0000000,0x00000006ccb87238,0x00000006d9900000)
 Metaspace       used 98883K, capacity 104381K, committed 104408K, reserved 1138688K
  class space    used 13267K, capacity 14309K, committed 14336K, reserved 1048576K
Event: 33.955 GC heap after
Heap after GC invocations=25 (full 4):
 PSYoungGen      total 680448K, used 12151K [0x000000076ab00000, 0x0000000798600000, 0x00000007c0000000)
  eden space 612352K, 0% used [0x000000076ab00000,0x000000076ab00000,0x0000000790100000)
  from space 68096K, 17% used [0x0000000790100000,0x0000000790cddec8,0x0000000794380000)
  to   space 66560K, 0% used [0x0000000794500000,0x0000000794500000,0x0000000798600000)
 ParOldGen       total 418816K, used 213553K [0x00000006c0000000, 0x00000006d9900000, 0x000000076ab00000)
  object space 418816K, 50% used [0x00000006c0000000,0x00000006cd08c490,0x00000006d9900000)
 Metaspace       used 98883K, capacity 104381K, committed 104408K, reserved 1138688K
  class space    used 13267K, capacity 14309K, committed 14336K, reserved 1048576K
}
Event: 34.406 GC heap before
{Heap before GC invocations=26 (full 4):
 PSYoungGen      total 680448K, used 624503K [0x000000076ab00000, 0x0000000798600000, 0x00000007c0000000)
  eden space 612352K, 100% used [0x000000076ab00000,0x0000000790100000,0x0000000790100000)
  from space 68096K, 17% used [0x0000000790100000,0x0000000790cddec8,0x0000000794380000)
  to   space 66560K, 0% used [0x0000000794500000,0x0000000794500000,0x0000000798600000)
 ParOldGen       total 418816K, used 213553K [0x00000006c0000000, 0x00000006d9900000, 0x000000076ab00000)
  object space 418816K, 50% used [0x00000006c0000000,0x00000006cd08c490,0x00000006d9900000)
 Metaspace       used 99041K, capacity 104575K, committed 104792K, reserved 1140736K
  class space    used 13291K, capacity 14338K, committed 14464K, reserved 1048576K
Event: 34.423 GC heap after
Heap after GC invocations=26 (full 4):
 PSYoungGen      total 678912K, used 20082K [0x000000076ab00000, 0x0000000798600000, 0x00000007c0000000)
  eden space 612352K, 0% used [0x000000076ab00000,0x000000076ab00000,0x0000000790100000)
  from space 66560K, 30% used [0x0000000794500000,0x000000079589c8e0,0x0000000798600000)
  to   space 68096K, 0% used [0x0000000790100000,0x0000000790100000,0x0000000794380000)
 ParOldGen       total 418816K, used 220906K [0x00000006c0000000, 0x00000006d9900000, 0x000000076ab00000)
  object space 418816K, 52% used [0x00000006c0000000,0x00000006cd7baa48,0x00000006d9900000)
 Metaspace       used 99041K, capacity 104575K, committed 104792K, reserved 1140736K
  class space    used 13291K, capacity 14338K, committed 14464K, reserved 1048576K
}
Event: 34.888 GC heap before
{Heap before GC invocations=27 (full 4):
 PSYoungGen      total 678912K, used 632434K [0x000000076ab00000, 0x0000000798600000, 0x00000007c0000000)
  eden space 612352K, 100% used [0x000000076ab00000,0x0000000790100000,0x0000000790100000)
  from space 66560K, 30% used [0x0000000794500000,0x000000079589c8e0,0x0000000798600000)
  to   space 68096K, 0% used [0x0000000790100000,0x0000000790100000,0x0000000794380000)
 ParOldGen       total 418816K, used 220906K [0x00000006c0000000, 0x00000006d9900000, 0x000000076ab00000)
  object space 418816K, 52% used [0x00000006c0000000,0x00000006cd7baa48,0x00000006d9900000)
 Metaspace       used 99067K, capacity 104579K, committed 104792K, reserved 1140736K
  class space    used 13291K, capacity 14338K, committed 14464K, reserved 1048576K
Event: 34.909 GC heap after
Heap after GC invocations=27 (full 4):
 PSYoungGen      total 680448K, used 13466K [0x000000076ab00000, 0x0000000798600000, 0x00000007c0000000)
  eden space 612352K, 0% used [0x000000076ab00000,0x000000076ab00000,0x0000000790100000)
  from space 68096K, 19% used [0x0000000790100000,0x0000000790e26950,0x0000000794380000)
  to   space 66560K, 0% used [0x0000000794500000,0x0000000794500000,0x0000000798600000)
 ParOldGen       total 418816K, used 237448K [0x00000006c0000000, 0x00000006d9900000, 0x000000076ab00000)
  object space 418816K, 56% used [0x00000006c0000000,0x00000006ce7e2318,0x00000006d9900000)
 Metaspace       used 99067K, capacity 104579K, committed 104792K, reserved 1140736K
  class space    used 13291K, capacity 14338K, committed 14464K, reserved 1048576K
}

