# JRE version: OpenJDK Runtime Environment (8.0_242-b01) (build 1.8.0_242-release-1644-b01)
# Java VM: OpenJDK 64-Bit Server VM (25.242-b01 mixed mode windows-amd64 compressed oops)
Heap:
 PSYoungGen      total 333824K, used 140056K [0x000000076ab00000, 0x0000000786200000, 0x00000007c0000000)
  eden space 282112K, 33% used [0x000000076ab00000,0x0000000770761888,0x000000077be80000)
  from space 51712K, 87% used [0x000000077be80000,0x000000077eae48f8,0x000000077f100000)
  to   space 57344K, 0% used [0x0000000782a00000,0x0000000782a00000,0x0000000786200000)
 ParOldGen       total 408576K, used 71558K [0x00000006c0000000, 0x00000006d8f00000, 0x000000076ab00000)
  object space 408576K, 17% used [0x00000006c0000000,0x00000006c45e1b50,0x00000006d8f00000)
 Metaspace       used 108016K, capacity 114340K, committed 114560K, reserved 1148928K
  class space    used 14442K, capacity 15681K, committed 15744K, reserved 1048576K
GC Heap History (10 events):
Event: 16.453 GC heap before
{Heap before GC invocations=15 (full 3):
 PSYoungGen      total 242176K, used 203097K [0x000000076ab00000, 0x000000077eb80000, 0x00000007c0000000)
  eden space 211456K, 81% used [0x000000076ab00000,0x000000077535b838,0x0000000777980000)
  from space 30720K, 99% used [0x0000000777980000,0x000000077977ada8,0x0000000779780000)
  to   space 39424K, 0% used [0x000000077c500000,0x000000077c500000,0x000000077eb80000)
 ParOldGen       total 277504K, used 49847K [0x00000006c0000000, 0x00000006d0f00000, 0x000000076ab00000)
  object space 277504K, 17% used [0x00000006c0000000,0x00000006c30adda8,0x00000006d0f00000)
 Metaspace       used 92678K, capacity 98122K, committed 98304K, reserved 1134592K
  class space    used 12420K, capacity 13443K, committed 13568K, reserved 1048576K
Event: 16.481 GC heap after
Heap after GC invocations=15 (full 3):
 PSYoungGen      total 281600K, used 39421K [0x000000076ab00000, 0x000000077fa80000, 0x00000007c0000000)
  eden space 242176K, 0% used [0x000000076ab00000,0x000000076ab00000,0x0000000779780000)
  from space 39424K, 99% used [0x000000077c500000,0x000000077eb7f500,0x000000077eb80000)
  to   space 46592K, 0% used [0x0000000779780000,0x0000000779780000,0x000000077c500000)
 ParOldGen       total 277504K, used 52787K [0x00000006c0000000, 0x00000006d0f00000, 0x000000076ab00000)
  object space 277504K, 19% used [0x00000006c0000000,0x00000006c338cdd0,0x00000006d0f00000)
 Metaspace       used 92678K, capacity 98122K, committed 98304K, reserved 1134592K
  class space    used 12420K, capacity 13443K, committed 13568K, reserved 1048576K
}
Event: 16.481 GC heap before
{Heap before GC invocations=16 (full 4):
 PSYoungGen      total 281600K, used 39421K [0x000000076ab00000, 0x000000077fa80000, 0x00000007c0000000)
  eden space 242176K, 0% used [0x000000076ab00000,0x000000076ab00000,0x0000000779780000)
  from space 39424K, 99% used [0x000000077c500000,0x000000077eb7f500,0x000000077eb80000)
  to   space 46592K, 0% used [0x0000000779780000,0x0000000779780000,0x000000077c500000)
 ParOldGen       total 277504K, used 52787K [0x00000006c0000000, 0x00000006d0f00000, 0x000000076ab00000)
  object space 277504K, 19% used [0x00000006c0000000,0x00000006c338cdd0,0x00000006d0f00000)
 Metaspace       used 92678K, capacity 98122K, committed 98304K, reserved 1134592K
  class space    used 12420K, capacity 13443K, committed 13568K, reserved 1048576K
Event: 16.646 GC heap after
Heap after GC invocations=16 (full 4):
 PSYoungGen      total 281600K, used 0K [0x000000076ab00000, 0x000000077fa80000, 0x00000007c0000000)
  eden space 242176K, 0% used [0x000000076ab00000,0x000000076ab00000,0x0000000779780000)
  from space 39424K, 0% used [0x000000077c500000,0x000000077c500000,0x000000077eb80000)
  to   space 46592K, 0% used [0x0000000779780000,0x0000000779780000,0x000000077c500000)
 ParOldGen       total 408576K, used 68526K [0x00000006c0000000, 0x00000006d8f00000, 0x000000076ab00000)
  object space 408576K, 16% used [0x00000006c0000000,0x00000006c42ebb50,0x00000006d8f00000)
 Metaspace       used 92502K, capacity 97602K, committed 98304K, reserved 1134592K
  class space    used 12364K, capacity 13345K, committed 13568K, reserved 1048576K
}
Event: 17.887 GC heap before
{Heap before GC invocations=17 (full 4):
 PSYoungGen      total 281600K, used 242176K [0x000000076ab00000, 0x000000077fa80000, 0x00000007c0000000)
  eden space 242176K, 100% used [0x000000076ab00000,0x0000000779780000,0x0000000779780000)
  from space 39424K, 0% used [0x000000077c500000,0x000000077c500000,0x000000077eb80000)
  to   space 46592K, 0% used [0x0000000779780000,0x0000000779780000,0x000000077c500000)
 ParOldGen       total 408576K, used 68526K [0x00000006c0000000, 0x00000006d8f00000, 0x000000076ab00000)
  object space 408576K, 16% used [0x00000006c0000000,0x00000006c42ebb50,0x00000006d8f00000)
 Metaspace       used 93244K, capacity 98468K, committed 99072K, reserved 1134592K
  class space    used 12449K, capacity 13467K, committed 13568K, reserved 1048576K
Event: 17.905 GC heap after
Heap after GC invocations=17 (full 4):
 PSYoungGen      total 288768K, used 17169K [0x000000076ab00000, 0x0000000781c00000, 0x00000007c0000000)
  eden space 242176K, 0% used [0x000000076ab00000,0x000000076ab00000,0x0000000779780000)
  from space 46592K, 36% used [0x0000000779780000,0x000000077a844670,0x000000077c500000)
  to   space 44032K, 0% used [0x000000077f100000,0x000000077f100000,0x0000000781c00000)
 ParOldGen       total 408576K, used 68526K [0x00000006c0000000, 0x00000006d8f00000, 0x000000076ab00000)
  object space 408576K, 16% used [0x00000006c0000000,0x00000006c42ebb50,0x00000006d8f00000)
 Metaspace       used 93244K, capacity 98468K, committed 99072K, reserved 1134592K
  class space    used 12449K, capacity 13467K, committed 13568K, reserved 1048576K
}
Event: 18.753 GC heap before
{Heap before GC invocations=18 (full 4):
 PSYoungGen      total 288768K, used 259345K [0x000000076ab00000, 0x0000000781c00000, 0x00000007c0000000)
  eden space 242176K, 100% used [0x000000076ab00000,0x0000000779780000,0x0000000779780000)
  from space 46592K, 36% used [0x0000000779780000,0x000000077a844670,0x000000077c500000)
  to   space 44032K, 0% used [0x000000077f100000,0x000000077f100000,0x0000000781c00000)
 ParOldGen       total 408576K, used 68526K [0x00000006c0000000, 0x00000006d8f00000, 0x000000076ab00000)
  object space 408576K, 16% used [0x00000006c0000000,0x00000006c42ebb50,0x00000006d8f00000)
 Metaspace       used 93244K, capacity 98468K, committed 99072K, reserved 1134592K
  class space    used 12449K, capacity 13467K, committed 13568K, reserved 1048576K
Event: 18.774 GC heap after
Heap after GC invocations=18 (full 4):
 PSYoungGen      total 326144K, used 44022K [0x000000076ab00000, 0x0000000783200000, 0x00000007c0000000)
  eden space 282112K, 0% used [0x000000076ab00000,0x000000076ab00000,0x000000077be80000)
  from space 44032K, 99% used [0x000000077f100000,0x0000000781bfdae8,0x0000000781c00000)
  to   space 51712K, 0% used [0x000000077be80000,0x000000077be80000,0x000000077f100000)
 ParOldGen       total 408576K, used 71550K [0x00000006c0000000, 0x00000006d8f00000, 0x000000076ab00000)
  object space 408576K, 17% used [0x00000006c0000000,0x00000006c45dfb50,0x00000006d8f00000)
 Metaspace       used 93244K, capacity 98468K, committed 99072K, reserved 1134592K
  class space    used 12449K, capacity 13467K, committed 13568K, reserved 1048576K
}
Event: 179.179 GC heap before
{Heap before GC invocations=19 (full 4):
 PSYoungGen      total 326144K, used 326134K [0x000000076ab00000, 0x0000000783200000, 0x00000007c0000000)
  eden space 282112K, 100% used [0x000000076ab00000,0x000000077be80000,0x000000077be80000)
  from space 44032K, 99% used [0x000000077f100000,0x0000000781bfdae8,0x0000000781c00000)
  to   space 51712K, 0% used [0x000000077be80000,0x000000077be80000,0x000000077f100000)
 ParOldGen       total 408576K, used 71550K [0x00000006c0000000, 0x00000006d8f00000, 0x000000076ab00000)
  object space 408576K, 17% used [0x00000006c0000000,0x00000006c45dfb50,0x00000006d8f00000)
 Metaspace       used 101380K, capacity 107270K, committed 107520K, reserved 1142784K
  class space    used 13434K, capacity 14510K, committed 14592K, reserved 1048576K
Event: 179.207 GC heap after
Heap after GC invocations=19 (full 4):
 PSYoungGen      total 333824K, used 45458K [0x000000076ab00000, 0x0000000786200000, 0x00000007c0000000)
  eden space 282112K, 0% used [0x000000076ab00000,0x000000076ab00000,0x000000077be80000)
  from space 51712K, 87% used [0x000000077be80000,0x000000077eae48f8,0x000000077f100000)
  to   space 57344K, 0% used [0x0000000782a00000,0x0000000782a00000,0x0000000786200000)
 ParOldGen       total 408576K, used 71558K [0x00000006c0000000, 0x00000006d8f00000, 0x000000076ab00000)
  object space 408576K, 17% used [0x00000006c0000000,0x00000006c45e1b50,0x00000006d8f00000)
 Metaspace       used 101380K, capacity 107270K, committed 107520K, reserved 1142784K
  class space    used 13434K, capacity 14510K, committed 14592K, reserved 1048576K
}

