# JRE version: OpenJDK Runtime Environment (8.0_242-b01) (build 1.8.0_242-release-1644-b01)
# Java VM: OpenJDK 64-Bit Server VM (25.242-b01 mixed mode windows-amd64 compressed oops)
Heap:
 PSYoungGen      total 814080K, used 638275K [0x000000076ab00000, 0x00000007a5280000, 0x00000007c0000000)
  eden space 745472K, 80% used [0x000000076ab00000,0x000000078f4749f0,0x0000000798300000)
  from space 68608K, 56% used [0x0000000798300000,0x000000079a8dc480,0x000000079c600000)
  to   space 72192K, 0% used [0x000000079c600000,0x000000079c600000,0x00000007a0c80000)
 ParOldGen       total 336384K, used 129163K [0x00000006c0000000, 0x00000006d4880000, 0x000000076ab00000)
  object space 336384K, 38% used [0x00000006c0000000,0x00000006c7e22e10,0x00000006d4880000)
 Metaspace       used 164939K, capacity 172767K, committed 172992K, reserved 1200128K
  class space    used 21738K, capacity 23266K, committed 23296K, reserved 1048576K
GC Heap History (10 events):
Event: 186.726 GC heap before
{Heap before GC invocations=16 (full 4):
 PSYoungGen      total 588288K, used 588283K [0x000000076ab00000, 0x000000079a300000, 0x00000007c0000000)
  eden space 544256K, 100% used [0x000000076ab00000,0x000000078be80000,0x000000078be80000)
  from space 44032K, 99% used [0x000000078be80000,0x000000078e97ee60,0x000000078e980000)
  to   space 58880K, 0% used [0x0000000796980000,0x0000000796980000,0x000000079a300000)
 ParOldGen       total 336384K, used 90512K [0x00000006c0000000, 0x00000006d4880000, 0x000000076ab00000)
  object space 336384K, 26% used [0x00000006c0000000,0x00000006c5864168,0x00000006d4880000)
 Metaspace       used 144273K, capacity 150101K, committed 150360K, reserved 1179648K
  class space    used 19009K, capacity 20231K, committed 20352K, reserved 1048576K
Event: 186.799 GC heap after
Heap after GC invocations=16 (full 4):
 PSYoungGen      total 700928K, used 58852K [0x000000076ab00000, 0x000000079b400000, 0x00000007c0000000)
  eden space 642048K, 0% used [0x000000076ab00000,0x000000076ab00000,0x0000000791e00000)
  from space 58880K, 99% used [0x0000000796980000,0x000000079a2f9358,0x000000079a300000)
  to   space 76800K, 0% used [0x0000000791e00000,0x0000000791e00000,0x0000000796900000)
 ParOldGen       total 336384K, used 112514K [0x00000006c0000000, 0x00000006d4880000, 0x000000076ab00000)
  object space 336384K, 33% used [0x00000006c0000000,0x00000006c6de0a50,0x00000006d4880000)
 Metaspace       used 144273K, capacity 150101K, committed 150360K, reserved 1179648K
  class space    used 19009K, capacity 20231K, committed 20352K, reserved 1048576K
}
Event: 221.137 GC heap before
{Heap before GC invocations=17 (full 4):
 PSYoungGen      total 700928K, used 700900K [0x000000076ab00000, 0x000000079b400000, 0x00000007c0000000)
  eden space 642048K, 100% used [0x000000076ab00000,0x0000000791e00000,0x0000000791e00000)
  from space 58880K, 99% used [0x0000000796980000,0x000000079a2f9358,0x000000079a300000)
  to   space 76800K, 0% used [0x0000000791e00000,0x0000000791e00000,0x0000000796900000)
 ParOldGen       total 336384K, used 112514K [0x00000006c0000000, 0x00000006d4880000, 0x000000076ab00000)
  object space 336384K, 33% used [0x00000006c0000000,0x00000006c6de0a50,0x00000006d4880000)
 Metaspace       used 154237K, capacity 160661K, committed 160856K, reserved 1187840K
  class space    used 20253K, capacity 21542K, committed 21632K, reserved 1048576K
Event: 221.224 GC heap after
Heap after GC invocations=17 (full 4):
 PSYoungGen      total 718848K, used 27438K [0x000000076ab00000, 0x00000007a0c80000, 0x00000007c0000000)
  eden space 642048K, 0% used [0x000000076ab00000,0x000000076ab00000,0x0000000791e00000)
  from space 76800K, 35% used [0x0000000791e00000,0x00000007938cba30,0x0000000796900000)
  to   space 72192K, 0% used [0x000000079c600000,0x000000079c600000,0x00000007a0c80000)
 ParOldGen       total 336384K, used 159677K [0x00000006c0000000, 0x00000006d4880000, 0x000000076ab00000)
  object space 336384K, 47% used [0x00000006c0000000,0x00000006c9bef7d8,0x00000006d4880000)
 Metaspace       used 154237K, capacity 160661K, committed 160856K, reserved 1187840K
  class space    used 20253K, capacity 21542K, committed 21632K, reserved 1048576K
}
Event: 221.577 GC heap before
{Heap before GC invocations=18 (full 4):
 PSYoungGen      total 718848K, used 105333K [0x000000076ab00000, 0x00000007a0c80000, 0x00000007c0000000)
  eden space 642048K, 12% used [0x000000076ab00000,0x000000076f711d48,0x0000000791e00000)
  from space 76800K, 35% used [0x0000000791e00000,0x00000007938cba30,0x0000000796900000)
  to   space 72192K, 0% used [0x000000079c600000,0x000000079c600000,0x00000007a0c80000)
 ParOldGen       total 336384K, used 159677K [0x00000006c0000000, 0x00000006d4880000, 0x000000076ab00000)
  object space 336384K, 47% used [0x00000006c0000000,0x00000006c9bef7d8,0x00000006d4880000)
 Metaspace       used 156898K, capacity 163689K, committed 163776K, reserved 1191936K
  class space    used 20649K, capacity 21986K, committed 22016K, reserved 1048576K
Event: 221.597 GC heap after
Heap after GC invocations=18 (full 4):
 PSYoungGen      total 817664K, used 25610K [0x000000076ab00000, 0x00000007a5280000, 0x00000007c0000000)
  eden space 745472K, 0% used [0x000000076ab00000,0x000000076ab00000,0x0000000798300000)
  from space 72192K, 35% used [0x000000079c600000,0x000000079df02b08,0x00000007a0c80000)
  to   space 68608K, 0% used [0x0000000798300000,0x0000000798300000,0x000000079c600000)
 ParOldGen       total 336384K, used 159685K [0x00000006c0000000, 0x00000006d4880000, 0x000000076ab00000)
  object space 336384K, 47% used [0x00000006c0000000,0x00000006c9bf17d8,0x00000006d4880000)
 Metaspace       used 156898K, capacity 163689K, committed 163776K, reserved 1191936K
  class space    used 20649K, capacity 21986K, committed 22016K, reserved 1048576K
}
Event: 221.597 GC heap before
{Heap before GC invocations=19 (full 5):
 PSYoungGen      total 817664K, used 25610K [0x000000076ab00000, 0x00000007a5280000, 0x00000007c0000000)
  eden space 745472K, 0% used [0x000000076ab00000,0x000000076ab00000,0x0000000798300000)
  from space 72192K, 35% used [0x000000079c600000,0x000000079df02b08,0x00000007a0c80000)
  to   space 68608K, 0% used [0x0000000798300000,0x0000000798300000,0x000000079c600000)
 ParOldGen       total 336384K, used 159685K [0x00000006c0000000, 0x00000006d4880000, 0x000000076ab00000)
  object space 336384K, 47% used [0x00000006c0000000,0x00000006c9bf17d8,0x00000006d4880000)
 Metaspace       used 156898K, capacity 163689K, committed 163776K, reserved 1191936K
  class space    used 20649K, capacity 21986K, committed 22016K, reserved 1048576K
Event: 221.921 GC heap after
Heap after GC invocations=19 (full 5):
 PSYoungGen      total 817664K, used 0K [0x000000076ab00000, 0x00000007a5280000, 0x00000007c0000000)
  eden space 745472K, 0% used [0x000000076ab00000,0x000000076ab00000,0x0000000798300000)
  from space 72192K, 0% used [0x000000079c600000,0x000000079c600000,0x00000007a0c80000)
  to   space 68608K, 0% used [0x0000000798300000,0x0000000798300000,0x000000079c600000)
 ParOldGen       total 336384K, used 129155K [0x00000006c0000000, 0x00000006d4880000, 0x000000076ab00000)
  object space 336384K, 38% used [0x00000006c0000000,0x00000006c7e20e10,0x00000006d4880000)
 Metaspace       used 156699K, capacity 163137K, committed 163776K, reserved 1191936K
  class space    used 20588K, capacity 21879K, committed 22016K, reserved 1048576K
}
Event: 224.431 GC heap before
{Heap before GC invocations=20 (full 5):
 PSYoungGen      total 817664K, used 745472K [0x000000076ab00000, 0x00000007a5280000, 0x00000007c0000000)
  eden space 745472K, 100% used [0x000000076ab00000,0x0000000798300000,0x0000000798300000)
  from space 72192K, 0% used [0x000000079c600000,0x000000079c600000,0x00000007a0c80000)
  to   space 68608K, 0% used [0x0000000798300000,0x0000000798300000,0x000000079c600000)
 ParOldGen       total 336384K, used 129155K [0x00000006c0000000, 0x00000006d4880000, 0x000000076ab00000)
  object space 336384K, 38% used [0x00000006c0000000,0x00000006c7e20e10,0x00000006d4880000)
 Metaspace       used 164511K, capacity 172275K, committed 172480K, reserved 1198080K
  class space    used 21730K, capacity 23262K, committed 23296K, reserved 1048576K
Event: 224.474 GC heap after
Heap after GC invocations=20 (full 5):
 PSYoungGen      total 814080K, used 38769K [0x000000076ab00000, 0x00000007a5280000, 0x00000007c0000000)
  eden space 745472K, 0% used [0x000000076ab00000,0x000000076ab00000,0x0000000798300000)
  from space 68608K, 56% used [0x0000000798300000,0x000000079a8dc480,0x000000079c600000)
  to   space 72192K, 0% used [0x000000079c600000,0x000000079c600000,0x00000007a0c80000)
 ParOldGen       total 336384K, used 129163K [0x00000006c0000000, 0x00000006d4880000, 0x000000076ab00000)
  object space 336384K, 38% used [0x00000006c0000000,0x00000006c7e22e10,0x00000006d4880000)
 Metaspace       used 164511K, capacity 172275K, committed 172480K, reserved 1198080K
  class space    used 21730K, capacity 23262K, committed 23296K, reserved 1048576K
}

