# JRE version: OpenJDK Runtime Environment (8.0_242-b01) (build 1.8.0_242-release-1644-b01)
# Java VM: OpenJDK 64-Bit Server VM (25.242-b01 mixed mode windows-amd64 compressed oops)
Heap:
 PSYoungGen      total 1053184K, used 567638K [0x000000076ab00000, 0x00000007bac80000, 0x00000007c0000000)
  eden space 972288K, 54% used [0x000000076ab00000,0x000000078b306e40,0x00000007a6080000)
  from space 80896K, 43% used [0x00000007a6080000,0x00000007a82ce9d0,0x00000007aaf80000)
  to   space 76800K, 0% used [0x00000007b6180000,0x00000007b6180000,0x00000007bac80000)
 ParOldGen       total 345088K, used 176514K [0x00000006c0000000, 0x00000006d5100000, 0x000000076ab00000)
  object space 345088K, 51% used [0x00000006c0000000,0x00000006cac60980,0x00000006d5100000)
 Metaspace       used 148857K, capacity 158278K, committed 158424K, reserved 1185792K
  class space    used 19447K, capacity 21246K, committed 21248K, reserved 1048576K
GC Heap History (10 events):
Event: 46.060 GC heap before
{Heap before GC invocations=17 (full 4):
 PSYoungGen      total 653312K, used 649769K [0x000000076ab00000, 0x0000000795d00000, 0x00000007c0000000)
  eden space 612352K, 100% used [0x000000076ab00000,0x0000000790100000,0x0000000790100000)
  from space 40960K, 91% used [0x0000000792d80000,0x000000079520a500,0x0000000795580000)
  to   space 45568K, 0% used [0x0000000790100000,0x0000000790100000,0x0000000792d80000)
 ParOldGen       total 345088K, used 67755K [0x00000006c0000000, 0x00000006d5100000, 0x000000076ab00000)
  object space 345088K, 19% used [0x00000006c0000000,0x00000006c422ac70,0x00000006d5100000)
 Metaspace       used 102360K, capacity 108056K, committed 108248K, reserved 1142784K
  class space    used 13449K, capacity 14573K, committed 14592K, reserved 1048576K
Event: 46.089 GC heap after
Heap after GC invocations=17 (full 4):
 PSYoungGen      total 657920K, used 45557K [0x000000076ab00000, 0x000000079f800000, 0x00000007c0000000)
  eden space 612352K, 0% used [0x000000076ab00000,0x000000076ab00000,0x0000000790100000)
  from space 45568K, 99% used [0x0000000790100000,0x0000000792d7d4d8,0x0000000792d80000)
  to   space 57856K, 0% used [0x000000079bf80000,0x000000079bf80000,0x000000079f800000)
 ParOldGen       total 345088K, used 82983K [0x00000006c0000000, 0x00000006d5100000, 0x000000076ab00000)
  object space 345088K, 24% used [0x00000006c0000000,0x00000006c5109f88,0x00000006d5100000)
 Metaspace       used 102360K, capacity 108056K, committed 108248K, reserved 1142784K
  class space    used 13449K, capacity 14573K, committed 14592K, reserved 1048576K
}
Event: 71.322 GC heap before
{Heap before GC invocations=18 (full 4):
 PSYoungGen      total 657920K, used 657909K [0x000000076ab00000, 0x000000079f800000, 0x00000007c0000000)
  eden space 612352K, 100% used [0x000000076ab00000,0x0000000790100000,0x0000000790100000)
  from space 45568K, 99% used [0x0000000790100000,0x0000000792d7d4d8,0x0000000792d80000)
  to   space 57856K, 0% used [0x000000079bf80000,0x000000079bf80000,0x000000079f800000)
 ParOldGen       total 345088K, used 82992K [0x00000006c0000000, 0x00000006d5100000, 0x000000076ab00000)
  object space 345088K, 24% used [0x00000006c0000000,0x00000006c510c040,0x00000006d5100000)
 Metaspace       used 120863K, capacity 127788K, committed 128088K, reserved 1161216K
  class space    used 15910K, capacity 17232K, committed 17280K, reserved 1048576K
Event: 71.384 GC heap after
Heap after GC invocations=18 (full 4):
 PSYoungGen      total 788480K, used 57832K [0x000000076ab00000, 0x00000007a0d00000, 0x00000007c0000000)
  eden space 730624K, 0% used [0x000000076ab00000,0x000000076ab00000,0x0000000797480000)
  from space 57856K, 99% used [0x000000079bf80000,0x000000079f7fa118,0x000000079f800000)
  to   space 76800K, 0% used [0x0000000797480000,0x0000000797480000,0x000000079bf80000)
 ParOldGen       total 345088K, used 110098K [0x00000006c0000000, 0x00000006d5100000, 0x000000076ab00000)
  object space 345088K, 31% used [0x00000006c0000000,0x00000006c6b849c8,0x00000006d5100000)
 Metaspace       used 120863K, capacity 127788K, committed 128088K, reserved 1161216K
  class space    used 15910K, capacity 17232K, committed 17280K, reserved 1048576K
}
Event: 72.347 GC heap before
{Heap before GC invocations=19 (full 4):
 PSYoungGen      total 788480K, used 788456K [0x000000076ab00000, 0x00000007a0d00000, 0x00000007c0000000)
  eden space 730624K, 100% used [0x000000076ab00000,0x0000000797480000,0x0000000797480000)
  from space 57856K, 99% used [0x000000079bf80000,0x000000079f7fa118,0x000000079f800000)
  to   space 76800K, 0% used [0x0000000797480000,0x0000000797480000,0x000000079bf80000)
 ParOldGen       total 345088K, used 110102K [0x00000006c0000000, 0x00000006d5100000, 0x000000076ab00000)
  object space 345088K, 31% used [0x00000006c0000000,0x00000006c6b859a8,0x00000006d5100000)
 Metaspace       used 121779K, capacity 128742K, committed 128984K, reserved 1161216K
  class space    used 15975K, capacity 17303K, committed 17408K, reserved 1048576K
Event: 72.402 GC heap after
Heap after GC invocations=19 (full 4):
 PSYoungGen      total 807424K, used 63513K [0x000000076ab00000, 0x00000007b0680000, 0x00000007c0000000)
  eden space 730624K, 0% used [0x000000076ab00000,0x000000076ab00000,0x0000000797480000)
  from space 76800K, 82% used [0x0000000797480000,0x000000079b286550,0x000000079bf80000)
  to   space 83968K, 0% used [0x00000007ab480000,0x00000007ab480000,0x00000007b0680000)
 ParOldGen       total 345088K, used 115987K [0x00000006c0000000, 0x00000006d5100000, 0x000000076ab00000)
  object space 345088K, 33% used [0x00000006c0000000,0x00000006c7144e30,0x00000006d5100000)
 Metaspace       used 121779K, capacity 128742K, committed 128984K, reserved 1161216K
  class space    used 15975K, capacity 17303K, committed 17408K, reserved 1048576K
}
Event: 75.541 GC heap before
{Heap before GC invocations=20 (full 4):
 PSYoungGen      total 807424K, used 794137K [0x000000076ab00000, 0x00000007b0680000, 0x00000007c0000000)
  eden space 730624K, 100% used [0x000000076ab00000,0x0000000797480000,0x0000000797480000)
  from space 76800K, 82% used [0x0000000797480000,0x000000079b286550,0x000000079bf80000)
  to   space 83968K, 0% used [0x00000007ab480000,0x00000007ab480000,0x00000007b0680000)
 ParOldGen       total 345088K, used 115987K [0x00000006c0000000, 0x00000006d5100000, 0x000000076ab00000)
  object space 345088K, 33% used [0x00000006c0000000,0x00000006c7144e30,0x00000006d5100000)
 Metaspace       used 125245K, capacity 132636K, committed 132824K, reserved 1165312K
  class space    used 16454K, capacity 17848K, committed 17920K, reserved 1048576K
Event: 75.596 GC heap after
Heap after GC invocations=20 (full 4):
 PSYoungGen      total 1048064K, used 25226K [0x000000076ab00000, 0x00000007afe80000, 0x00000007c0000000)
  eden space 972288K, 0% used [0x000000076ab00000,0x000000076ab00000,0x00000007a6080000)
  from space 75776K, 33% used [0x00000007ab480000,0x00000007acd22bc8,0x00000007afe80000)
  to   space 80896K, 0% used [0x00000007a6080000,0x00000007a6080000,0x00000007aaf80000)
 ParOldGen       total 345088K, used 162981K [0x00000006c0000000, 0x00000006d5100000, 0x000000076ab00000)
  object space 345088K, 47% used [0x00000006c0000000,0x00000006c9f297b8,0x00000006d5100000)
 Metaspace       used 125245K, capacity 132636K, committed 132824K, reserved 1165312K
  class space    used 16454K, capacity 17848K, committed 17920K, reserved 1048576K
}
Event: 926.373 GC heap before
{Heap before GC invocations=21 (full 4):
 PSYoungGen      total 1048064K, used 997514K [0x000000076ab00000, 0x00000007afe80000, 0x00000007c0000000)
  eden space 972288K, 100% used [0x000000076ab00000,0x00000007a6080000,0x00000007a6080000)
  from space 75776K, 33% used [0x00000007ab480000,0x00000007acd22bc8,0x00000007afe80000)
  to   space 80896K, 0% used [0x00000007a6080000,0x00000007a6080000,0x00000007aaf80000)
 ParOldGen       total 345088K, used 162981K [0x00000006c0000000, 0x00000006d5100000, 0x000000076ab00000)
  object space 345088K, 47% used [0x00000006c0000000,0x00000006c9f297b8,0x00000006d5100000)
 Metaspace       used 132396K, capacity 141158K, committed 141400K, reserved 1171456K
  class space    used 17189K, capacity 18768K, committed 18816K, reserved 1048576K
Event: 926.428 GC heap after
Heap after GC invocations=21 (full 4):
 PSYoungGen      total 1053184K, used 35130K [0x000000076ab00000, 0x00000007bac80000, 0x00000007c0000000)
  eden space 972288K, 0% used [0x000000076ab00000,0x000000076ab00000,0x00000007a6080000)
  from space 80896K, 43% used [0x00000007a6080000,0x00000007a82ce9d0,0x00000007aaf80000)
  to   space 76800K, 0% used [0x00000007b6180000,0x00000007b6180000,0x00000007bac80000)
 ParOldGen       total 345088K, used 176514K [0x00000006c0000000, 0x00000006d5100000, 0x000000076ab00000)
  object space 345088K, 51% used [0x00000006c0000000,0x00000006cac60980,0x00000006d5100000)
 Metaspace       used 132396K, capacity 141158K, committed 141400K, reserved 1171456K
  class space    used 17189K, capacity 18768K, committed 18816K, reserved 1048576K
}

